<?xml version="1.0" encoding="UTF-8"?>
<!-- Generated by org.testng.reporters.JUnitReportReporter -->
<testsuite hostname="FX-JSJ800" name="com.zhou.test.TestNGSimpleTest" tests="2" failures="0" timestamp="7 Mar 2016 08:10:43 GMT" time="0.006" errors="0">
  <testcase name="testAdd2" time="0.000" classname="com.zhou.test.TestNGSimpleTest"/>
  <testcase name="testAdd" time="0.006" classname="com.zhou.test.TestNGSimpleTest"/>
</testsuite> <!-- com.zhou.test.TestNGSimpleTest -->
